<?xml version="1.0" encoding="UTF-8"?>
<!-- Generated by org.testng.reporters.JUnitReportReporter -->
<testsuite skipped="0" hostname="AMICHAITO1-HHS" name="TestNG.PangoV1" tests="1" failures="0" timestamp="17 Mar 2019 11:24:16 GMT" time="16.184" errors="0">
  <testcase name="googleTitleTest" time="16.184" classname="TestNG.PangoV1"/>
</testsuite> <!-- TestNG.PangoV1 -->
