<?xml version="1.0" encoding="UTF-8"?>
<!-- Generated by org.testng.reporters.JUnitReportReporter -->
<testsuite skipped="0" hostname="AMICHAITO1-HHS" name="TestNG.TestNgBasics" tests="3" failures="0" timestamp="17 Mar 2019 09:49:42 GMT" time="0.009" errors="0">
  <testcase name="googleLogotTest" time="0.005" classname="TestNG.TestNgBasics"/>
  <testcase name="searchTest" time="0.002" classname="TestNG.TestNgBasics"/>
  <testcase name="googleTitileTest" time="0.002" classname="TestNG.TestNgBasics"/>
</testsuite> <!-- TestNG.TestNgBasics -->
