<?xml version="1.0" encoding="UTF-8"?>
<!-- Generated by org.testng.reporters.JUnitReportReporter -->
<testsuite skipped="0" hostname="AMICHAITO1-HHS" name="TestNG.varClass" tests="1" failures="0" timestamp="18 Mar 2019 09:17:34 GMT" time="8.802" errors="0">
  <testcase name="defineVariables" time="8.802" classname="TestNG.varClass"/>
</testsuite> <!-- TestNG.varClass -->
