<?xml version="1.0" encoding="UTF-8"?>
<!-- Generated by org.testng.reporters.JUnitReportReporter -->
<testsuite skipped="0" hostname="AMICHAITO1-HHS" name="TestNG.DevSanityAllOptions" tests="10" failures="0" timestamp="11 Apr 2019 16:30:39 GMT" time="224.243" errors="2">
  <testcase name="initialOfferQuestions" time="21.676" classname="TestNG.DevSanityAllOptions"/>
  <testcase name="initialOfferScreen" time="21.046" classname="TestNG.DevSanityAllOptions"/>
  <testcase name="callMeWizard1" time="6.072" classname="TestNG.DevSanityAllOptions"/>
  <testcase name="finalOfferQuestions" time="53.864" classname="TestNG.DevSanityAllOptions"/>
  <testcase name="finalOfferScreen" time="14.961" classname="TestNG.DevSanityAllOptions"/>
  <testcase name="callMeWizard2" time="9.249" classname="TestNG.DevSanityAllOptions"/>
  <testcase name="covers" time="2.316" classname="TestNG.DevSanityAllOptions"/>
  <testcase name="payments" time="43.390" classname="TestNG.DevSanityAllOptions"/>
  <testcase name="iframeCreditGuard" time="30.332" classname="TestNG.DevSanityAllOptions">
    <error type="java.lang.Exception" message="Failed in Iframe CreditGuard">
      <![CDATA[java.lang.Exception: Failed in Iframe CreditGuard
at TestNG.DevSanityAllOptions.iframeCreditGuard(DevSanityAllOptions.java:712)
at sun.reflect.NativeMethodAccessorImpl.invoke0(Native Method)
at sun.reflect.NativeMethodAccessorImpl.invoke(Unknown Source)
at sun.reflect.DelegatingMethodAccessorImpl.invoke(Unknown Source)
at java.lang.reflect.Method.invoke(Unknown Source)
at org.testng.internal.MethodInvocationHelper.invokeMethod(MethodInvocationHelper.java:124)
at org.testng.internal.Invoker.invokeMethod(Invoker.java:583)
at org.testng.internal.Invoker.invokeTestMethod(Invoker.java:719)
at org.testng.internal.Invoker.invokeTestMethods(Invoker.java:989)
at org.testng.internal.TestMethodWorker.invokeTestMethods(TestMethodWorker.java:125)
at org.testng.internal.TestMethodWorker.run(TestMethodWorker.java:109)
at org.testng.TestRunner.privateRun(TestRunner.java:648)
at org.testng.TestRunner.run(TestRunner.java:505)
at org.testng.SuiteRunner.runTest(SuiteRunner.java:455)
at org.testng.SuiteRunner.access$000(SuiteRunner.java:40)
at org.testng.SuiteRunner$SuiteWorker.run(SuiteRunner.java:489)
at org.testng.internal.thread.ThreadUtil$1.call(ThreadUtil.java:52)
at java.util.concurrent.FutureTask.run(Unknown Source)
at java.util.concurrent.ThreadPoolExecutor.runWorker(Unknown Source)
at java.util.concurrent.ThreadPoolExecutor$Worker.run(Unknown Source)
at java.lang.Thread.run(Unknown Source)
]]>
    </error>
  </testcase> <!-- iframeCreditGuard -->
  <testcase name="thankYouPage" time="21.337" classname="TestNG.DevSanityAllOptions">
    <error type="java.lang.Exception" message="Failed to display thank you page">
      <![CDATA[java.lang.Exception: Failed to display thank you page
at TestNG.DevSanityAllOptions.thankYouPage(DevSanityAllOptions.java:728)
at sun.reflect.NativeMethodAccessorImpl.invoke0(Native Method)
at sun.reflect.NativeMethodAccessorImpl.invoke(Unknown Source)
at sun.reflect.DelegatingMethodAccessorImpl.invoke(Unknown Source)
at java.lang.reflect.Method.invoke(Unknown Source)
at org.testng.internal.MethodInvocationHelper.invokeMethod(MethodInvocationHelper.java:124)
at org.testng.internal.Invoker.invokeMethod(Invoker.java:583)
at org.testng.internal.Invoker.invokeTestMethod(Invoker.java:719)
at org.testng.internal.Invoker.invokeTestMethods(Invoker.java:989)
at org.testng.internal.TestMethodWorker.invokeTestMethods(TestMethodWorker.java:125)
at org.testng.internal.TestMethodWorker.run(TestMethodWorker.java:109)
at org.testng.TestRunner.privateRun(TestRunner.java:648)
at org.testng.TestRunner.run(TestRunner.java:505)
at org.testng.SuiteRunner.runTest(SuiteRunner.java:455)
at org.testng.SuiteRunner.access$000(SuiteRunner.java:40)
at org.testng.SuiteRunner$SuiteWorker.run(SuiteRunner.java:489)
at org.testng.internal.thread.ThreadUtil$1.call(ThreadUtil.java:52)
at java.util.concurrent.FutureTask.run(Unknown Source)
at java.util.concurrent.ThreadPoolExecutor.runWorker(Unknown Source)
at java.util.concurrent.ThreadPoolExecutor$Worker.run(Unknown Source)
at java.lang.Thread.run(Unknown Source)
]]>
    </error>
  </testcase> <!-- thankYouPage -->
</testsuite> <!-- TestNG.DevSanityAllOptions -->
