<?xml version="1.0" encoding="UTF-8"?>
<!-- Generated by org.testng.reporters.JUnitXMLReporter -->
<testsuite hostname="AMICHAITO1-HHS" ignored="0" name="Test-class test 3" tests="10" failures="2" timestamp="17 Apr 2019 08:32:05 GMT" time="243.17" errors="0">
  <testcase name="initialOfferQuestions" time="21.267" classname="TestNG.sanityAllOptions"/>
  <testcase name="initialOfferScreen" time="36.871" classname="TestNG.sanityAllOptions"/>
  <testcase name="callMeWizard1" time="6.283" classname="TestNG.sanityAllOptions"/>
  <testcase name="finalOfferQuestions" time="53.603" classname="TestNG.sanityAllOptions"/>
  <testcase name="finalOfferScreen" time="14.78" classname="TestNG.sanityAllOptions"/>
  <testcase name="callMeWizard2" time="9.109" classname="TestNG.sanityAllOptions"/>
  <testcase name="covers" time="2.355" classname="TestNG.sanityAllOptions"/>
  <testcase name="payments" time="43.143" classname="TestNG.sanityAllOptions"/>
  <testcase name="iframeCreditGuard" time="30.521" classname="TestNG.sanityAllOptions">
    <failure type="java.lang.Exception" message="Failed in Iframe CreditGuard">
      <![CDATA[java.lang.Exception: Failed in Iframe CreditGuard
at TestNG.sanityAllOptions.iframeCreditGuard(sanityAllOptions.java:772)
at java.util.concurrent.FutureTask.run(Unknown Source)
at java.util.concurrent.ThreadPoolExecutor.runWorker(Unknown Source)
at java.util.concurrent.ThreadPoolExecutor$Worker.run(Unknown Source)
at java.lang.Thread.run(Unknown Source)
... Removed 16 stack frames]]>
    </failure>
  </testcase> <!-- iframeCreditGuard -->
  <testcase name="thankYouPage" time="25.194" classname="TestNG.sanityAllOptions">
    <failure type="java.lang.Exception" message="Failed to display thank you page">
      <![CDATA[java.lang.Exception: Failed to display thank you page
at TestNG.sanityAllOptions.thankYouPage(sanityAllOptions.java:787)
at java.util.concurrent.FutureTask.run(Unknown Source)
at java.util.concurrent.ThreadPoolExecutor.runWorker(Unknown Source)
at java.util.concurrent.ThreadPoolExecutor$Worker.run(Unknown Source)
at java.lang.Thread.run(Unknown Source)
... Removed 16 stack frames]]>
    </failure>
  </testcase> <!-- thankYouPage -->
</testsuite> <!-- Test-class test 3 -->
