<?xml version="1.0" encoding="UTF-8"?>
<!-- Generated by org.testng.reporters.JUnitXMLReporter -->
<testsuite hostname="AMICHAITO1-HHS" ignored="0" name="Test-class test 7" tests="10" failures="2" timestamp="17 Apr 2019 08:32:01 GMT" time="239.349" errors="0">
  <testcase name="initialOfferQuestions" time="21.276" classname="TestNG.sanityAllOptions"/>
  <testcase name="initialOfferScreen" time="33.649" classname="TestNG.sanityAllOptions"/>
  <testcase name="callMeWizard1" time="6.278" classname="TestNG.sanityAllOptions"/>
  <testcase name="finalOfferQuestions" time="53.715" classname="TestNG.sanityAllOptions"/>
  <testcase name="finalOfferScreen" time="14.269" classname="TestNG.sanityAllOptions"/>
  <testcase name="callMeWizard2" time="9.059" classname="TestNG.sanityAllOptions"/>
  <testcase name="covers" time="2.381" classname="TestNG.sanityAllOptions"/>
  <testcase name="payments" time="43.144" classname="TestNG.sanityAllOptions"/>
  <testcase name="iframeCreditGuard" time="30.524" classname="TestNG.sanityAllOptions">
    <failure type="java.lang.Exception" message="Failed in Iframe CreditGuard">
      <![CDATA[java.lang.Exception: Failed in Iframe CreditGuard
at TestNG.sanityAllOptions.iframeCreditGuard(sanityAllOptions.java:772)
at java.util.concurrent.FutureTask.run(Unknown Source)
at java.util.concurrent.ThreadPoolExecutor.runWorker(Unknown Source)
at java.util.concurrent.ThreadPoolExecutor$Worker.run(Unknown Source)
at java.lang.Thread.run(Unknown Source)
... Removed 16 stack frames]]>
    </failure>
  </testcase> <!-- iframeCreditGuard -->
  <testcase name="thankYouPage" time="25.011" classname="TestNG.sanityAllOptions">
    <failure type="java.lang.Exception" message="Failed to display thank you page">
      <![CDATA[java.lang.Exception: Failed to display thank you page
at TestNG.sanityAllOptions.thankYouPage(sanityAllOptions.java:787)
at java.util.concurrent.FutureTask.run(Unknown Source)
at java.util.concurrent.ThreadPoolExecutor.runWorker(Unknown Source)
at java.util.concurrent.ThreadPoolExecutor$Worker.run(Unknown Source)
at java.lang.Thread.run(Unknown Source)
... Removed 16 stack frames]]>
    </failure>
  </testcase> <!-- thankYouPage -->
</testsuite> <!-- Test-class test 7 -->
