<?xml version="1.0" encoding="UTF-8"?>
<!-- Generated by org.testng.reporters.JUnitXMLReporter -->
<testsuite hostname="AMICHAITO1-HHS" ignored="0" name="Test-class test 5" tests="10" failures="2" timestamp="17 Apr 2019 08:31:55 GMT" time="233.164" errors="0">
  <testcase name="initialOfferQuestions" time="21.937" classname="TestNG.sanityAllOptions"/>
  <testcase name="initialOfferScreen" time="25.906" classname="TestNG.sanityAllOptions"/>
  <testcase name="callMeWizard1" time="6.172" classname="TestNG.sanityAllOptions"/>
  <testcase name="finalOfferQuestions" time="54.207" classname="TestNG.sanityAllOptions"/>
  <testcase name="finalOfferScreen" time="14.272" classname="TestNG.sanityAllOptions"/>
  <testcase name="callMeWizard2" time="9.144" classname="TestNG.sanityAllOptions"/>
  <testcase name="covers" time="2.329" classname="TestNG.sanityAllOptions"/>
  <testcase name="payments" time="43.347" classname="TestNG.sanityAllOptions"/>
  <testcase name="iframeCreditGuard" time="30.349" classname="TestNG.sanityAllOptions">
    <failure type="java.lang.Exception" message="Failed in Iframe CreditGuard">
      <![CDATA[java.lang.Exception: Failed in Iframe CreditGuard
at TestNG.sanityAllOptions.iframeCreditGuard(sanityAllOptions.java:772)
at java.util.concurrent.FutureTask.run(Unknown Source)
at java.util.concurrent.ThreadPoolExecutor.runWorker(Unknown Source)
at java.util.concurrent.ThreadPoolExecutor$Worker.run(Unknown Source)
at java.lang.Thread.run(Unknown Source)
... Removed 16 stack frames]]>
    </failure>
  </testcase> <!-- iframeCreditGuard -->
  <testcase name="thankYouPage" time="25.457" classname="TestNG.sanityAllOptions">
    <failure type="java.lang.Exception" message="Failed to display thank you page">
      <![CDATA[java.lang.Exception: Failed to display thank you page
at TestNG.sanityAllOptions.thankYouPage(sanityAllOptions.java:787)
at java.util.concurrent.FutureTask.run(Unknown Source)
at java.util.concurrent.ThreadPoolExecutor.runWorker(Unknown Source)
at java.util.concurrent.ThreadPoolExecutor$Worker.run(Unknown Source)
at java.lang.Thread.run(Unknown Source)
... Removed 16 stack frames]]>
    </failure>
  </testcase> <!-- thankYouPage -->
</testsuite> <!-- Test-class test 5 -->
