<?xml version="1.0" encoding="UTF-8"?>
<!-- Generated by org.testng.reporters.JUnitXMLReporter -->
<testsuite hostname="AMICHAITO1-HHS" ignored="1" name="Test-class test 1 red0years" tests="12" failures="3" timestamp="09 Dec 2019 13:10:13 GMT" time="280.691" errors="0">
  <testcase name="initialOfferQuestions" time="17.836" classname="TestNG.sanityAllOptionsTest"/>
  <testcase name="callMeWizard1" time="15.573" classname="TestNG.sanityAllOptionsTest"/>
  <testcase name="initialOfferScreen" time="20.338" classname="TestNG.sanityAllOptionsTest"/>
  <testcase name="finalOfferQuestions" time="42.672" classname="TestNG.sanityAllOptionsTest"/>
  <testcase name="finalOfferScreen" time="18.878" classname="TestNG.sanityAllOptionsTest"/>
  <testcase name="covers" time="2.406" classname="TestNG.sanityAllOptionsTest"/>
  <testcase name="payments" time="17.451" classname="TestNG.sanityAllOptionsTest"/>
  <testcase name="returnSteps" time="35.464" classname="TestNG.sanityAllOptionsTest"/>
  <testcase name="forwardSteps" time="59.534" classname="TestNG.sanityAllOptionsTest"/>
  <testcase name="iframeCreditGuard" time="11.143" classname="TestNG.sanityAllOptionsTest">
    <failure type="java.lang.Exception" message="Failed in Iframe CreditGuard">
      <![CDATA[java.lang.Exception: Failed in Iframe CreditGuard
at TestNG.sanityAllOptionsTest.iframeCreditGuard(sanityAllOptionsTest.java:1251)
at java.util.concurrent.FutureTask.run(Unknown Source)
at java.util.concurrent.ThreadPoolExecutor.runWorker(Unknown Source)
at java.util.concurrent.ThreadPoolExecutor$Worker.run(Unknown Source)
at java.lang.Thread.run(Unknown Source)
... Removed 16 stack frames]]>
    </failure>
  </testcase> <!-- iframeCreditGuard -->
  <testcase name="thankYouPage" time="35.324" classname="TestNG.sanityAllOptionsTest">
    <failure type="java.lang.Exception" message="Failed to display thank you page">
      <![CDATA[java.lang.Exception: Failed to display thank you page
at TestNG.sanityAllOptionsTest.thankYouPage(sanityAllOptionsTest.java:1268)
at java.util.concurrent.FutureTask.run(Unknown Source)
at java.util.concurrent.ThreadPoolExecutor.runWorker(Unknown Source)
at java.util.concurrent.ThreadPoolExecutor$Worker.run(Unknown Source)
at java.lang.Thread.run(Unknown Source)
... Removed 16 stack frames]]>
    </failure>
  </testcase> <!-- thankYouPage -->
  <testcase name="registeredAccount" time="4.028" classname="TestNG.sanityAllOptionsTest">
    <failure type="java.lang.Exception" message="Failed to display thank you page">
      <![CDATA[java.lang.Exception: Failed to display thank you page
at TestNG.sanityAllOptionsTest.registeredAccount(sanityAllOptionsTest.java:1289)
at java.util.concurrent.FutureTask.run(Unknown Source)
at java.util.concurrent.ThreadPoolExecutor.runWorker(Unknown Source)
at java.util.concurrent.ThreadPoolExecutor$Worker.run(Unknown Source)
at java.lang.Thread.run(Unknown Source)
... Removed 16 stack frames]]>
    </failure>
  </testcase> <!-- registeredAccount -->
  <testcase name="callMeWizard2" time="0.0" classname="TestNG.sanityAllOptionsTest">
    <ignored/>
  </testcase> <!-- callMeWizard2 -->
</testsuite> <!-- Test-class test 1 red0years -->
