<?xml version="1.0" encoding="UTF-8"?>
<!-- Generated by org.testng.reporters.JUnitXMLReporter -->
<testsuite hostname="AMICHAITO1-HHS" ignored="1" name="Test-class test 3" tests="11" failures="3" timestamp="16 Jun 2019 08:23:31 GMT" time="245.611" errors="0">
  <testcase name="initialOfferQuestions" time="19.632" classname="TestNG.sanityAllOptions"/>
  <testcase name="initialOfferScreen" time="22.301" classname="TestNG.sanityAllOptions"/>
  <testcase name="finalOfferQuestions" time="34.512" classname="TestNG.sanityAllOptions"/>
  <testcase name="finalOfferScreen" time="20.881" classname="TestNG.sanityAllOptions"/>
  <testcase name="covers" time="2.456" classname="TestNG.sanityAllOptions"/>
  <testcase name="payments" time="17.338" classname="TestNG.sanityAllOptions"/>
  <testcase name="returnSteps" time="32.077" classname="TestNG.sanityAllOptions"/>
  <testcase name="forwardSteps" time="56.216" classname="TestNG.sanityAllOptions"/>
  <testcase name="iframeCreditGuard" time="11.105" classname="TestNG.sanityAllOptions">
    <failure type="java.lang.Exception" message="Failed in Iframe CreditGuard">
      <![CDATA[java.lang.Exception: Failed in Iframe CreditGuard
at TestNG.sanityAllOptions.iframeCreditGuard(sanityAllOptions.java:1054)
at java.util.concurrent.FutureTask.run(Unknown Source)
at java.util.concurrent.ThreadPoolExecutor.runWorker(Unknown Source)
at java.util.concurrent.ThreadPoolExecutor$Worker.run(Unknown Source)
at java.lang.Thread.run(Unknown Source)
... Removed 16 stack frames]]>
    </failure>
  </testcase> <!-- iframeCreditGuard -->
  <testcase name="thankYouPage" time="25.049" classname="TestNG.sanityAllOptions">
    <failure type="java.lang.Exception" message="Failed to display thank you page">
      <![CDATA[java.lang.Exception: Failed to display thank you page
at TestNG.sanityAllOptions.thankYouPage(sanityAllOptions.java:1071)
at java.util.concurrent.FutureTask.run(Unknown Source)
at java.util.concurrent.ThreadPoolExecutor.runWorker(Unknown Source)
at java.util.concurrent.ThreadPoolExecutor$Worker.run(Unknown Source)
at java.lang.Thread.run(Unknown Source)
... Removed 16 stack frames]]>
    </failure>
  </testcase> <!-- thankYouPage -->
  <testcase name="registeredAccount" time="4.014" classname="TestNG.sanityAllOptions">
    <failure type="java.lang.Exception" message="Failed to display thank you page">
      <![CDATA[java.lang.Exception: Failed to display thank you page
at TestNG.sanityAllOptions.registeredAccount(sanityAllOptions.java:1092)
at java.util.concurrent.FutureTask.run(Unknown Source)
at java.util.concurrent.ThreadPoolExecutor.runWorker(Unknown Source)
at java.util.concurrent.ThreadPoolExecutor$Worker.run(Unknown Source)
at java.lang.Thread.run(Unknown Source)
... Removed 16 stack frames]]>
    </failure>
  </testcase> <!-- registeredAccount -->
  <testcase name="callMeWizard2" time="0.0" classname="TestNG.sanityAllOptions">
    <ignored/>
  </testcase> <!-- callMeWizard2 -->
</testsuite> <!-- Test-class test 3 -->
