<?xml version="1.0" encoding="UTF-8"?>
<!-- Generated by org.testng.reporters.JUnitXMLReporter -->
<testsuite hostname="AMICHAITO1-HHS" ignored="1" name="Test-class test 2 red1years" tests="12" failures="3" timestamp="09 Dec 2019 13:10:12 GMT" time="280.319" errors="0">
  <testcase name="initialOfferQuestions" time="17.929" classname="TestNG.sanityAllOptionsTest"/>
  <testcase name="callMeWizard1" time="12.984" classname="TestNG.sanityAllOptionsTest"/>
  <testcase name="initialOfferScreen" time="20.437" classname="TestNG.sanityAllOptionsTest"/>
  <testcase name="finalOfferQuestions" time="44.688" classname="TestNG.sanityAllOptionsTest"/>
  <testcase name="finalOfferScreen" time="18.49" classname="TestNG.sanityAllOptionsTest"/>
  <testcase name="covers" time="2.422" classname="TestNG.sanityAllOptionsTest"/>
  <testcase name="payments" time="17.469" classname="TestNG.sanityAllOptionsTest"/>
  <testcase name="returnSteps" time="35.636" classname="TestNG.sanityAllOptionsTest"/>
  <testcase name="forwardSteps" time="59.664" classname="TestNG.sanityAllOptionsTest"/>
  <testcase name="iframeCreditGuard" time="11.19" classname="TestNG.sanityAllOptionsTest">
    <failure type="java.lang.Exception" message="Failed in Iframe CreditGuard">
      <![CDATA[java.lang.Exception: Failed in Iframe CreditGuard
at TestNG.sanityAllOptionsTest.iframeCreditGuard(sanityAllOptionsTest.java:1251)
at java.util.concurrent.FutureTask.run(Unknown Source)
at java.util.concurrent.ThreadPoolExecutor.runWorker(Unknown Source)
at java.util.concurrent.ThreadPoolExecutor$Worker.run(Unknown Source)
at java.lang.Thread.run(Unknown Source)
... Removed 16 stack frames]]>
    </failure>
  </testcase> <!-- iframeCreditGuard -->
  <testcase name="thankYouPage" time="35.316" classname="TestNG.sanityAllOptionsTest">
    <failure type="java.lang.Exception" message="Failed to display thank you page">
      <![CDATA[java.lang.Exception: Failed to display thank you page
at TestNG.sanityAllOptionsTest.thankYouPage(sanityAllOptionsTest.java:1268)
at java.util.concurrent.FutureTask.run(Unknown Source)
at java.util.concurrent.ThreadPoolExecutor.runWorker(Unknown Source)
at java.util.concurrent.ThreadPoolExecutor$Worker.run(Unknown Source)
at java.lang.Thread.run(Unknown Source)
... Removed 16 stack frames]]>
    </failure>
  </testcase> <!-- thankYouPage -->
  <testcase name="registeredAccount" time="4.055" classname="TestNG.sanityAllOptionsTest">
    <failure type="java.lang.Exception" message="Failed to display thank you page">
      <![CDATA[java.lang.Exception: Failed to display thank you page
at TestNG.sanityAllOptionsTest.registeredAccount(sanityAllOptionsTest.java:1289)
at java.util.concurrent.FutureTask.run(Unknown Source)
at java.util.concurrent.ThreadPoolExecutor.runWorker(Unknown Source)
at java.util.concurrent.ThreadPoolExecutor$Worker.run(Unknown Source)
at java.lang.Thread.run(Unknown Source)
... Removed 16 stack frames]]>
    </failure>
  </testcase> <!-- registeredAccount -->
  <testcase name="callMeWizard2" time="0.0" classname="TestNG.sanityAllOptionsTest">
    <ignored/>
  </testcase> <!-- callMeWizard2 -->
</testsuite> <!-- Test-class test 2 red1years -->
